  Atom Ni  at position (relative to origin)   3.96332418  0.00000000  0.00000000
  distance   3.96332418 translation  -7.92664836  0.00000000  0.00000000
 
 -0.00000001 -0.00000001 -0.61217874  0.00000000 -0.00000001 -0.00000001  0.00000000  0.00000000 -0.00000001  0.00000000
 -0.56811215 -0.00000001  0.00000000  0.00000000  0.00000001 -0.00000001  0.98403936 -0.00000002 -0.00000001  0.00000000
 -0.00000001 -0.00000003  0.00000000  0.00000000  0.00000001  0.00000000 -0.00000002  0.00000000 -0.61216883  0.00000000
 
  Atom Ni  at position (relative to origin)   0.00000000  3.96332418  0.00000000
  distance   3.96332418 translation   0.00000000 -7.92664836  0.00000000
 
 -0.00000001 -0.00000001  0.00000000  0.00000001 -0.61217874  0.00000000 -0.00000001  0.00000000  0.00000000  0.00000000
  0.00000000  0.00000000  0.00000000  0.00000000  0.00000000 -0.00000001 -0.00000001  0.00000001 -0.61216884  0.00000000
 -0.56811216 -0.00000001  0.00000001  0.00000000  0.00000000  0.00000000 -0.98403935  0.00000000  0.00000000  0.00000001
 
  Atom Ni  at position (relative to origin)   0.00000000  0.00000000  3.96332418
  distance   3.96332418 translation   0.00000000  0.00000000  0.00000000
 
 -1.13624496  0.00000001  0.00000000  0.00000000  0.00000000  0.00000000 -0.00000001  0.00000001  0.00000000  0.00000000
  0.00000000  0.00000001  0.61210962  0.00000000  0.00000001  0.00000000  0.00000000  0.00000001  0.00000000  0.00000000
  0.00000001  0.00000001  0.00000000 -0.00000001  0.61210963 -0.00000001  0.00000001  0.00000001 -0.00000001  0.00000000
 
  Atom Ni  at position (relative to origin)  -3.96332418  0.00000000  0.00000000
  distance   3.96332418 translation   0.00000000  0.00000000  0.00000000
 
  0.00000000  0.00000001  0.61217873  0.00000000  0.00000001 -0.00000001  0.00000001  0.00000000  0.00000000  0.00000000
  0.56811215 -0.00000001 -0.00000001  0.00000000  0.00000000  0.00000001 -0.98403935 -0.00000002  0.00000000  0.00000000
 -0.00000001 -0.00000002  0.00000000  0.00000000  0.00000000  0.00000000  0.00000001  0.00000001  0.61216884  0.00000000
 
  Atom Ni  at position (relative to origin)   0.00000000 -3.96332418  0.00000000
  distance   3.96332418 translation   0.00000000  0.00000000  0.00000000
 
  0.00000001  0.00000000  0.00000000  0.00000000  0.61217874  0.00000001  0.00000000  0.00000001  0.00000000  0.00000000
  0.00000000  0.00000002 -0.00000001 -0.00000001  0.00000000  0.00000000  0.00000001  0.00000001  0.61216884  0.00000000
  0.56811215  0.00000001  0.00000000  0.00000000  0.00000000  0.00000000  0.98403934 -0.00000001  0.00000000  0.00000000
 
  Atom Ni  at position (relative to origin)   0.00000000  0.00000000 -3.96332418
  distance   3.96332418 translation   0.00000000  0.00000000  7.92664836
 
  1.13624497  0.00000002  0.00000001  0.00000000  0.00000000  0.00000001  0.00000000  0.00000000  0.00000000  0.00000000
 -0.00000001  0.00000001 -0.61210962  0.00000000 -0.00000001  0.00000000 -0.00000001  0.00000001  0.00000000  0.00000000
  0.00000000  0.00000000  0.00000000 -0.00000001 -0.61210963  0.00000000 -0.00000001  0.00000000  0.00000000  0.00000001
 
